<?xml version="1.0" encoding="UTF-8"?>
<!-- Generated by org.testng.reporters.JUnitXMLReporter -->
<testsuite hostname="DESKTOP-GQGT3HA" ignored="0" name="Test" tests="3" failures="0" timestamp="06 Dec 2019 18:31:09 GMT" time="374.992" errors="0">
  <testcase name="userCreation" time="33.034" classname="DriverFactory.TestScript"/>
  <testcase name="verifyLogin" time="124.35" classname="DriverFactory.DataDriven"/>
  <testcase name="empCreation" time="15.879" classname="DriverFactory.TestScript"/>
</testsuite> <!-- Test -->
