<?xml version="1.0" encoding="UTF-8"?>
<testng-results skipped="0" failed="0" ignored="0" total="3" passed="3">
  <reporter-output>
    <line>
      <![CDATA[User Created Fail]]>
    </line>
    <line>
      <![CDATA[No of rows are::7  no of columns are::4]]>
    </line>
    <line>
      <![CDATA[Login Fail]]>
    </line>
    <line>
      <![CDATA[Login Fail]]>
    </line>
    <line>
      <![CDATA[Login Fail]]>
    </line>
    <line>
      <![CDATA[Login Fail]]>
    </line>
    <line>
      <![CDATA[Login Fail]]>
    </line>
    <line>
      <![CDATA[Login Fail]]>
    </line>
    <line>
      <![CDATA[Login Fail]]>
    </line>
    <line>
      <![CDATA[Emp Created Fail]]>
    </line>
  </reporter-output>
  <suite name="Suite" duration-ms="374992" started-at="2019-12-06T18:24:54Z" finished-at="2019-12-06T18:31:09Z">
    <groups>
    </groups>
    <test name="Test" duration-ms="374992" started-at="2019-12-06T18:24:54Z" finished-at="2019-12-06T18:31:09Z">
      <class name="DriverFactory.TestScript">
        <test-method status="PASS" signature="setUp()[pri:0, instance:DriverFactory.TestScript@4f63e3c7]" name="setUp" is-config="true" duration-ms="96747" started-at="2019-12-06T18:25:33Z" finished-at="2019-12-06T18:27:10Z">
          <reporter-output>
          </reporter-output>
        </test-method> <!-- setUp -->
        <test-method status="PASS" signature="userCreation()[pri:0, instance:DriverFactory.TestScript@4f63e3c7]" name="userCreation" duration-ms="33034" started-at="2019-12-06T18:27:10Z" finished-at="2019-12-06T18:27:43Z">
          <reporter-output>
            <line>
              <![CDATA[User Created Fail]]>
            </line>
          </reporter-output>
        </test-method> <!-- userCreation -->
        <test-method status="PASS" signature="tearDown()[pri:0, instance:DriverFactory.TestScript@4f63e3c7]" name="tearDown" is-config="true" duration-ms="21225" started-at="2019-12-06T18:27:43Z" finished-at="2019-12-06T18:28:04Z">
          <reporter-output>
          </reporter-output>
        </test-method> <!-- tearDown -->
        <test-method status="PASS" signature="setUp()[pri:0, instance:DriverFactory.TestScript@4f63e3c7]" name="setUp" is-config="true" duration-ms="31753" started-at="2019-12-06T18:30:09Z" finished-at="2019-12-06T18:30:41Z">
          <reporter-output>
          </reporter-output>
        </test-method> <!-- setUp -->
        <test-method status="PASS" signature="empCreation()[pri:1, instance:DriverFactory.TestScript@4f63e3c7]" name="empCreation" duration-ms="15879" started-at="2019-12-06T18:30:41Z" finished-at="2019-12-06T18:30:57Z">
          <reporter-output>
            <line>
              <![CDATA[Emp Created Fail]]>
            </line>
          </reporter-output>
        </test-method> <!-- empCreation -->
        <test-method status="PASS" signature="tearDown()[pri:0, instance:DriverFactory.TestScript@4f63e3c7]" name="tearDown" is-config="true" duration-ms="8014" started-at="2019-12-06T18:30:57Z" finished-at="2019-12-06T18:31:05Z">
          <reporter-output>
          </reporter-output>
        </test-method> <!-- tearDown -->
      </class> <!-- DriverFactory.TestScript -->
      <class name="DriverFactory.DataDriven">
        <test-method status="PASS" signature="setUp()[pri:0, instance:DriverFactory.DataDriven@59532566]" name="setUp" is-config="true" duration-ms="39201" started-at="2019-12-06T18:24:54Z" finished-at="2019-12-06T18:25:33Z">
          <reporter-output>
          </reporter-output>
        </test-method> <!-- setUp -->
        <test-method status="PASS" signature="generatereport()[pri:0, instance:DriverFactory.TestScript@4f63e3c7]" name="generatereport" is-config="true" duration-ms="17" started-at="2019-12-06T18:25:33Z" finished-at="2019-12-06T18:25:33Z">
          <reporter-output>
          </reporter-output>
        </test-method> <!-- generatereport -->
        <test-method status="PASS" signature="verifyLogin()[pri:0, instance:DriverFactory.DataDriven@59532566]" name="verifyLogin" duration-ms="124350" started-at="2019-12-06T18:28:05Z" finished-at="2019-12-06T18:30:09Z">
          <reporter-output>
            <line>
              <![CDATA[No of rows are::7  no of columns are::4]]>
            </line>
            <line>
              <![CDATA[Login Fail]]>
            </line>
            <line>
              <![CDATA[Login Fail]]>
            </line>
            <line>
              <![CDATA[Login Fail]]>
            </line>
            <line>
              <![CDATA[Login Fail]]>
            </line>
            <line>
              <![CDATA[Login Fail]]>
            </line>
            <line>
              <![CDATA[Login Fail]]>
            </line>
            <line>
              <![CDATA[Login Fail]]>
            </line>
          </reporter-output>
        </test-method> <!-- verifyLogin -->
        <test-method status="PASS" signature="tearDown()[pri:0, instance:DriverFactory.DataDriven@59532566]" name="tearDown" is-config="true" duration-ms="4429" started-at="2019-12-06T18:31:05Z" finished-at="2019-12-06T18:31:09Z">
          <reporter-output>
          </reporter-output>
        </test-method> <!-- tearDown -->
      </class> <!-- DriverFactory.DataDriven -->
    </test> <!-- Test -->
  </suite> <!-- Suite -->
</testng-results>
